0 info it worked if it ends with ok
1 verbose cli [ '/usr/bin/node', '/usr/bin/npm', 'publish' ]
2 info using npm@2.14.9
3 info using node@v0.12.9
4 verbose node symlink /usr/bin/node
5 verbose publish [ '.' ]
6 silly cache add args [ '.', null ]
7 verbose cache add spec .
8 silly cache add parsed spec { raw: '.',
8 silly cache add   scope: null,
8 silly cache add   name: null,
8 silly cache add   rawSpec: '.',
8 silly cache add   spec: '/root/bigdownloader',
8 silly cache add   type: 'directory' }
9 verbose addLocalDirectory /root/.npm/bigdownloader/1.0.0/package.tgz not in flight; packing
10 verbose tar pack [ '/root/.npm/bigdownloader/1.0.0/package.tgz',
10 verbose tar pack   '/root/bigdownloader' ]
11 verbose tarball /root/.npm/bigdownloader/1.0.0/package.tgz
12 verbose folder /root/bigdownloader
13 info prepublish bigdownloader@1.0.0
14 verbose addLocalTarball adding from inside cache /root/.npm/bigdownloader/1.0.0/package.tgz
15 silly cache afterAdd bigdownloader@1.0.0
16 verbose afterAdd /root/.npm/bigdownloader/1.0.0/package/package.json not in flight; writing
17 verbose afterAdd /root/.npm/bigdownloader/1.0.0/package/package.json written
18 silly publish { name: 'bigdownloader',
18 silly publish   version: '1.0.0',
18 silly publish   description: 'Download big files without worries. Included auto-resume',
18 silly publish   main: 'index.js',
18 silly publish   scripts: { test: 'echo "Error: no test specified" && exit 1' },
18 silly publish   author: { name: 'Emile Nijssen', email: 'emile@athom.nl' },
18 silly publish   license: 'MIT',
18 silly publish   dependencies: { jswget: 'git+https://github.com/athombv/jswget.git' },
18 silly publish   readme: '# node-bigdownloader\n',
18 silly publish   readmeFilename: 'README.md',
18 silly publish   gitHead: '00910e0ae75422040eee9d5feb48b4c9f1bf4393',
18 silly publish   _id: 'bigdownloader@1.0.0',
18 silly publish   _shasum: 'c267bc6edff6cff0a9cb763260d525cbde574bea',
18 silly publish   _from: '.' }
19 verbose getPublishConfig undefined
20 silly mapToRegistry name bigdownloader
21 silly mapToRegistry using default registry
22 silly mapToRegistry registry https://registry.npmjs.org/
23 silly mapToRegistry uri https://registry.npmjs.org/bigdownloader
24 verbose publish registryBase https://registry.npmjs.org/
25 silly publish uploading /root/.npm/bigdownloader/1.0.0/package.tgz
26 verbose request uri https://registry.npmjs.org/bigdownloader
27 verbose request sending authorization for write operation
28 info attempt registry request try #1 at 9:17:16 PM
29 verbose request using bearer token for auth
30 verbose request id 03788688c3f12a96
31 http request PUT https://registry.npmjs.org/bigdownloader
32 http 403 https://registry.npmjs.org/bigdownloader
33 verbose headers { 'content-type': 'application/json',
33 verbose headers   'cache-control': 'max-age=300',
33 verbose headers   'content-length': '128',
33 verbose headers   'accept-ranges': 'bytes',
33 verbose headers   date: 'Tue, 22 Mar 2016 21:17:17 GMT',
33 verbose headers   via: '1.1 varnish',
33 verbose headers   connection: 'keep-alive',
33 verbose headers   'x-served-by': 'cache-ams4126-AMS',
33 verbose headers   'x-cache': 'MISS',
33 verbose headers   'x-cache-hits': '0',
33 verbose headers   'x-timer': 'S1458681436.341768,VS0,VE1565' }
34 verbose request invalidating /root/.npm/registry.npmjs.org/bigdownloader on PUT
35 error publish Failed PUT 403
36 verbose stack Error: "You cannot publish over the previously published version 1.0.0. Try bumping the version to 2.0.0" : bigdownloader
36 verbose stack     at makeError (/usr/lib/node_modules/npm/node_modules/npm-registry-client/lib/request.js:264:12)
36 verbose stack     at CachingRegistryClient.<anonymous> (/usr/lib/node_modules/npm/node_modules/npm-registry-client/lib/request.js:252:14)
36 verbose stack     at Request._callback (/usr/lib/node_modules/npm/node_modules/npm-registry-client/lib/request.js:172:14)
36 verbose stack     at Request.self.callback (/usr/lib/node_modules/npm/node_modules/request/request.js:198:22)
36 verbose stack     at Request.emit (events.js:110:17)
36 verbose stack     at Request.<anonymous> (/usr/lib/node_modules/npm/node_modules/request/request.js:1082:10)
36 verbose stack     at Request.emit (events.js:129:20)
36 verbose stack     at IncomingMessage.<anonymous> (/usr/lib/node_modules/npm/node_modules/request/request.js:1009:12)
36 verbose stack     at IncomingMessage.emit (events.js:129:20)
36 verbose stack     at _stream_readable.js:908:16
37 verbose statusCode 403
38 verbose pkgid bigdownloader
39 verbose cwd /root/bigdownloader
40 error Linux 4.1.13-01264-g7c763b6
41 error argv "/usr/bin/node" "/usr/bin/npm" "publish"
42 error node v0.12.9
43 error npm  v2.14.9
44 error code E403
45 error "You cannot publish over the previously published version 1.0.0. Try bumping the version to 2.0.0" : bigdownloader
46 error If you need help, you may report this error at:
46 error     <https://github.com/npm/npm/issues>
47 verbose exit [ 1, true ]
